<?xml version="1.0" encoding="UTF-8"?>
<!-- Generated by org.testng.reporters.JUnitReportReporter -->
<testsuite hostname="DESKTOP-7CA774U" failures="0" tests="1" name="org.paractice.PracticeWithAll" time="98.058" errors="0" timestamp="07 Mar 2023 07:55:58 GMT" skipped="0">
  <testcase classname="org.paractice.PracticeWithAll" name="method" time="98.058"/>
</testsuite> <!-- org.paractice.PracticeWithAll -->
